<?xml version="1.0" encoding="UTF-8"?>
<!-- Generated by org.testng.reporters.JUnitXMLReporter -->
<testsuite ignored="2" hostname="Shaheens-iMac.lan" failures="0" tests="4" name="College" time="0.064" errors="0" timestamp="2023-02-11T15:35:17 EST">
  <testcase classname="TestngScript.p1" name="AdmissionBrokenLinks" time="0.006"/>
  <testcase classname="TestngScript.p2" name="PlacementBrokenlinks" time="0.0"/>
  <testcase classname="TestngScript.p3" name="FacultyBrokenLink" time="0.0"/>
  <testcase classname="TestngScript.p3" name="FacultyLogin" time="0.001"/>
  <testcase classname="TestngScript.p2" name="PlacementLogin" time="0.0">
    <ignored/>
  </testcase> <!-- PlacementLogin -->
  <testcase classname="TestngScript.p1" name="AdmissionLogin" time="0.0">
    <ignored/>
  </testcase> <!-- AdmissionLogin -->
</testsuite> <!-- College -->
