<?xml version="1.0" encoding="UTF-8"?>
<!-- Generated by org.testng.reporters.JUnitXMLReporter -->
<testsuite ignored="0" hostname="Shaheens-iMac.lan" failures="0" tests="3" name="Default test" time="0.122" errors="0" timestamp="2023-04-06T23:07:04 EDT">
  <testcase classname="TestngScript.Sataprovider" name="AdmissionLogin" time="0.011"/>
  <testcase classname="TestngScript.Sataprovider" name="AdmissionLogin" time="0.001"/>
  <testcase classname="TestngScript.Sataprovider" name="AdmissionLogin" time="0.001"/>
</testsuite> <!-- Default test -->
