<?xml version="1.0" encoding="UTF-8"?>
<!-- Generated by org.testng.reporters.JUnitXMLReporter -->
<testsuite ignored="0" hostname="Shaheens-iMac.lan" failures="0" tests="6" name="Default test" time="0.05" errors="0" timestamp="2023-02-16T01:41:31 EST">
  <testcase classname="papiyaSul.Datapro" name="Test01" time="0.007"/>
  <testcase classname="papiyaSul.Datapro" name="Test01" time="0.001"/>
  <testcase classname="papiyaSul.Datapro" name="Test01" time="0.001"/>
  <testcase classname="papiyaSul.Datapro" name="strstring" time="0.001"/>
  <testcase classname="papiyaSul.Datapro" name="strstring" time="0.002"/>
  <testcase classname="papiyaSul.Datapro" name="strstring" time="0.001"/>
</testsuite> <!-- Default test -->
