<?xml version="1.0" encoding="UTF-8"?>
<testsuite name="Cucumber" time="91.943" tests="1" skipped="0" failures="0" errors="0">
<testcase classname="feature to test the login functionality" name="Check login is succesful with valid credentials" time="91.796">
<system-out><![CDATA[
Given user is on login page.................................................passed
When user enter username and password.......................................passed
And clicks on login button..................................................passed
Then User is navigate to the homepage.......................................passed
]]></system-out>
</testcase>
</testsuite>
