<?xml version="1.0" encoding="UTF-8"?>
<!-- Generated by org.testng.reporters.JUnitXMLReporter -->
<testsuite ignored="0" hostname="Shaheens-iMac.lan" failures="1" tests="1" name="Test" time="0.077" errors="0" timestamp="2023-02-25T17:09:49 EST">
  <testcase classname="Selenium.Dropdown" name="TestNg" time="0.044">
    <failure type="java.lang.NullPointerException" message="Cannot invoke &amp;quot;org.openqa.selenium.WebDriver.get(String)&amp;quot; because &amp;quot;this.Dr&amp;quot; is null">
      <![CDATA[java.lang.NullPointerException: Cannot invoke "org.openqa.selenium.WebDriver.get(String)" because "this.Dr" is null
at Selenium.Dropdown.TestNg(Dropdown.java:199)
at java.base/java.util.ArrayList.forEach(ArrayList.java:1511)
... Removed 27 stack frames]]>
    </failure>
  </testcase> <!-- TestNg -->
</testsuite> <!-- Test -->
