<?xml version="1.0" encoding="UTF-8"?>
<testng-results ignored="0" total="3" passed="3" failed="0" skipped="0">
  <reporter-output>
  </reporter-output>
  <suite started-at="2023-04-06T23:07:04 EDT" name="Default suite" finished-at="2023-04-06T23:07:04 EDT" duration-ms="122">
    <groups>
    </groups>
    <test started-at="2023-04-06T23:07:04 EDT" name="Default test" finished-at="2023-04-06T23:07:04 EDT" duration-ms="122">
      <class name="TestngScript.Sataprovider">
        <test-method signature="AdmissionLogin(java.lang.String,java.lang.String)[pri:0, instance:TestngScript.Sataprovider@1ca25c47]" started-at="2023-04-06T23:07:04 EDT" name="AdmissionLogin" data-provider="getData" finished-at="2023-04-06T23:07:04 EDT" duration-ms="11" status="PASS">
          <params>
            <param index="0">
              <value>
                <![CDATA[user1]]>
              </value>
            </param>
            <param index="1">
              <value>
                <![CDATA[Password1]]>
              </value>
            </param>
          </params>
          <reporter-output>
          </reporter-output>
        </test-method> <!-- AdmissionLogin -->
        <test-method signature="AdmissionLogin(java.lang.String,java.lang.String)[pri:0, instance:TestngScript.Sataprovider@1ca25c47]" started-at="2023-04-06T23:07:04 EDT" name="AdmissionLogin" data-provider="getData" finished-at="2023-04-06T23:07:04 EDT" duration-ms="1" status="PASS">
          <params>
            <param index="0">
              <value>
                <![CDATA[user2]]>
              </value>
            </param>
            <param index="1">
              <value>
                <![CDATA[password2]]>
              </value>
            </param>
          </params>
          <reporter-output>
          </reporter-output>
        </test-method> <!-- AdmissionLogin -->
        <test-method signature="AdmissionLogin(java.lang.String,java.lang.String)[pri:0, instance:TestngScript.Sataprovider@1ca25c47]" started-at="2023-04-06T23:07:04 EDT" name="AdmissionLogin" data-provider="getData" finished-at="2023-04-06T23:07:04 EDT" duration-ms="1" status="PASS">
          <params>
            <param index="0">
              <value>
                <![CDATA[User3]]>
              </value>
            </param>
            <param index="1">
              <value>
                <![CDATA[Password3]]>
              </value>
            </param>
          </params>
          <reporter-output>
          </reporter-output>
        </test-method> <!-- AdmissionLogin -->
      </class> <!-- TestngScript.Sataprovider -->
    </test> <!-- Default test -->
  </suite> <!-- Default suite -->
</testng-results>
